app/build/intermediates/manifest_merge_blame_file/release/manifest-merger-blame-release-report.txt
1<?xml version="1.0" encoding="utf-8"?>
2<manifest xmlns:android="http://schemas.android.com/apk/res/android"
3    package="com.laya.timetraveller"
4    android:allowBackup="true"
5    android:versionCode="1"
6    android:versionName="1.0" >
7
8    <uses-sdk
9        android:minSdkVersion="21"
9-->src\main\AndroidManifest.xml
10        android:targetSdkVersion="30" />
10-->src\main\AndroidManifest.xml
11
12    <uses-permission android:name="android.permission.CAMERA" />
12-->src\main\AndroidManifest.xml:13:5-65
12-->src\main\AndroidManifest.xml:13:22-62
13    <uses-permission android:name="android.permission.INTERNET" />
13-->src\main\AndroidManifest.xml:14:5-67
13-->src\main\AndroidManifest.xml:14:22-64
14    <uses-permission android:name="android.permission.WRITE_EXTERNAL_STORAGE" />
14-->src\main\AndroidManifest.xml:15:5-81
14-->src\main\AndroidManifest.xml:15:22-78
15
16    <uses-feature android:name="android.hardware.camera" />
16-->src\main\AndroidManifest.xml:17:5-60
16-->src\main\AndroidManifest.xml:17:19-57
17    <uses-feature android:name="android.hardware.camera.autofocus" />
17-->src\main\AndroidManifest.xml:18:5-70
17-->src\main\AndroidManifest.xml:18:19-67
18
19    <uses-permission android:name="android.permission.ACCESS_NETWORK_STATE" />
19-->src\main\AndroidManifest.xml:20:5-79
19-->src\main\AndroidManifest.xml:20:22-76
20    <uses-permission android:name="android.permission.WAKE_LOCK" />
20-->src\main\AndroidManifest.xml:21:5-68
20-->src\main\AndroidManifest.xml:21:22-65
21    <uses-permission android:name="com.google.android.finsky.permission.BIND_GET_INSTALL_REFERRER_SERVICE" /> <!-- Required by older versions of Google Play services to create IID tokens -->
21-->src\main\AndroidManifest.xml:22:5-110
21-->src\main\AndroidManifest.xml:22:22-107
22    <uses-permission android:name="com.google.android.c2dm.permission.RECEIVE" />
22-->src\main\AndroidManifest.xml:23:5-82
22-->src\main\AndroidManifest.xml:23:22-79
23
24    <permission
24-->src\main\AndroidManifest.xml:25:5-27:47
25        android:name="com.laya.timetraveller.permission.C2D_MESSAGE"
25-->src\main\AndroidManifest.xml:26:9-69
26        android:protectionLevel="signature" />
26-->src\main\AndroidManifest.xml:27:9-44
27
28    <uses-permission android:name="com.laya.timetraveller.permission.C2D_MESSAGE" />
28-->src\main\AndroidManifest.xml:29:5-85
28-->src\main\AndroidManifest.xml:29:22-82
29    <uses-permission android:name="android.permission.READ_PHONE_STATE" />
29-->src\main\AndroidManifest.xml:30:5-75
29-->src\main\AndroidManifest.xml:30:22-72
30    <uses-permission android:name="android.permission.READ_EXTERNAL_STORAGE" />
30-->src\main\AndroidManifest.xml:31:5-80
30-->src\main\AndroidManifest.xml:31:22-77
31
32    <application
32-->src\main\AndroidManifest.xml:33:5-178:19
33        android:allowBackup="true"
33-->src\main\AndroidManifest.xml:34:9-35
34        android:icon="@drawable/ic_launcher"
34-->src\main\AndroidManifest.xml:35:9-45
35        android:label="Time Traveller"
35-->src\main\AndroidManifest.xml:36:9-39
36        android:testOnly="true"
36-->src\main\AndroidManifest.xml:37:9-32
37        android:theme="@style/MaterialTheme" >
37-->src\main\AndroidManifest.xml:38:9-45
38        <activity android:name="com.laya.timetraveller.Activity49" />
38-->src\main\AndroidManifest.xml:39:9-57
38-->src\main\AndroidManifest.xml:39:19-45
39        <activity android:name="com.laya.timetraveller.Activity48" />
39-->src\main\AndroidManifest.xml:40:9-48
39-->src\main\AndroidManifest.xml:40:19-45
40        <activity android:name="com.laya.timetraveller.Activity47" />
40-->src\main\AndroidManifest.xml:41:9-48
40-->src\main\AndroidManifest.xml:41:19-45
41        <activity android:name="com.laya.timetraveller.Activity46" />
41-->src\main\AndroidManifest.xml:42:9-48
41-->src\main\AndroidManifest.xml:42:19-45
42        <activity android:name="com.laya.timetraveller.Activity45" />
42-->src\main\AndroidManifest.xml:43:9-48
42-->src\main\AndroidManifest.xml:43:19-45
43        <activity android:name="com.laya.timetraveller.Activity44" />
43-->src\main\AndroidManifest.xml:44:9-48
43-->src\main\AndroidManifest.xml:44:19-45
44        <activity android:name="com.laya.timetraveller.Activity43" />
44-->src\main\AndroidManifest.xml:45:9-48
44-->src\main\AndroidManifest.xml:45:19-45
45        <activity android:name="com.laya.timetraveller.Activity42" />
45-->src\main\AndroidManifest.xml:46:9-48
45-->src\main\AndroidManifest.xml:46:19-45
46        <activity android:name="com.laya.timetraveller.Activity41" />
46-->src\main\AndroidManifest.xml:47:9-48
46-->src\main\AndroidManifest.xml:47:19-45
47        <activity android:name="com.laya.timetraveller.Activity40" />
47-->src\main\AndroidManifest.xml:48:9-48
47-->src\main\AndroidManifest.xml:48:19-45
48        <activity android:name="com.laya.timetraveller.Activity39" />
48-->src\main\AndroidManifest.xml:49:9-48
48-->src\main\AndroidManifest.xml:49:19-45
49        <activity android:name="com.laya.timetraveller.Activity38" />
49-->src\main\AndroidManifest.xml:50:9-48
49-->src\main\AndroidManifest.xml:50:19-45
50        <activity android:name="com.laya.timetraveller.Activity37" />
50-->src\main\AndroidManifest.xml:51:9-48
50-->src\main\AndroidManifest.xml:51:19-45
51        <activity android:name="com.laya.timetraveller.Activity36" />
51-->src\main\AndroidManifest.xml:52:9-48
51-->src\main\AndroidManifest.xml:52:19-45
52        <activity android:name="com.laya.timetraveller.Activity35" />
52-->src\main\AndroidManifest.xml:53:9-48
52-->src\main\AndroidManifest.xml:53:19-45
53        <activity android:name="com.laya.timetraveller.Activity34" />
53-->src\main\AndroidManifest.xml:54:9-48
53-->src\main\AndroidManifest.xml:54:19-45
54        <activity android:name="com.laya.timetraveller.Activity33" />
54-->src\main\AndroidManifest.xml:55:9-48
54-->src\main\AndroidManifest.xml:55:19-45
55        <activity android:name="com.laya.timetraveller.Activity32" />
55-->src\main\AndroidManifest.xml:56:9-48
55-->src\main\AndroidManifest.xml:56:19-45
56        <activity android:name="com.laya.timetraveller.Activity31" />
56-->src\main\AndroidManifest.xml:57:9-48
56-->src\main\AndroidManifest.xml:57:19-45
57        <activity android:name="com.laya.timetraveller.Activity30" />
57-->src\main\AndroidManifest.xml:58:9-48
57-->src\main\AndroidManifest.xml:58:19-45
58        <activity android:name="com.laya.timetraveller.Activity29" />
58-->src\main\AndroidManifest.xml:59:9-48
58-->src\main\AndroidManifest.xml:59:19-45
59        <activity android:name="com.laya.timetraveller.Activity28" />
59-->src\main\AndroidManifest.xml:60:9-48
59-->src\main\AndroidManifest.xml:60:19-45
60        <activity android:name="com.laya.timetraveller.Activity27" />
60-->src\main\AndroidManifest.xml:61:9-48
60-->src\main\AndroidManifest.xml:61:19-45
61        <activity android:name="com.laya.timetraveller.Activity26" />
61-->src\main\AndroidManifest.xml:62:9-48
61-->src\main\AndroidManifest.xml:62:19-45
62        <activity android:name="com.laya.timetraveller.Activity25" />
62-->src\main\AndroidManifest.xml:63:9-48
62-->src\main\AndroidManifest.xml:63:19-45
63        <activity android:name="com.laya.timetraveller.Activity24" />
63-->src\main\AndroidManifest.xml:64:9-48
63-->src\main\AndroidManifest.xml:64:19-45
64        <activity android:name="com.laya.timetraveller.Activity23" />
64-->src\main\AndroidManifest.xml:65:9-48
64-->src\main\AndroidManifest.xml:65:19-45
65        <activity android:name="com.laya.timetraveller.Activity22" />
65-->src\main\AndroidManifest.xml:66:9-48
65-->src\main\AndroidManifest.xml:66:19-45
66        <activity android:name="com.laya.timetraveller.Activity21" />
66-->src\main\AndroidManifest.xml:67:9-48
66-->src\main\AndroidManifest.xml:67:19-45
67        <activity android:name="com.laya.timetraveller.Activity20" />
67-->src\main\AndroidManifest.xml:68:9-48
67-->src\main\AndroidManifest.xml:68:19-45
68        <activity android:name="com.laya.timetraveller.Activity19" />
68-->src\main\AndroidManifest.xml:69:9-48
68-->src\main\AndroidManifest.xml:69:19-45
69        <activity android:name="com.laya.timetraveller.Activity18" />
69-->src\main\AndroidManifest.xml:70:9-48
69-->src\main\AndroidManifest.xml:70:19-45
70        <activity android:name="com.laya.timetraveller.Activity17" />
70-->src\main\AndroidManifest.xml:71:9-48
70-->src\main\AndroidManifest.xml:71:19-45
71        <activity android:name="com.laya.timetraveller.Activity16" />
71-->src\main\AndroidManifest.xml:72:9-48
71-->src\main\AndroidManifest.xml:72:19-45
72        <activity android:name="com.laya.timetraveller.Activity15" />
72-->src\main\AndroidManifest.xml:73:9-48
72-->src\main\AndroidManifest.xml:73:19-45
73        <activity android:name="com.laya.timetraveller.Activity14" />
73-->src\main\AndroidManifest.xml:74:9-48
73-->src\main\AndroidManifest.xml:74:19-45
74        <activity android:name="com.laya.timetraveller.Activity13" />
74-->src\main\AndroidManifest.xml:75:9-48
74-->src\main\AndroidManifest.xml:75:19-45
75        <activity android:name="com.laya.timetraveller.Activity12" />
75-->src\main\AndroidManifest.xml:76:9-48
75-->src\main\AndroidManifest.xml:76:19-45
76        <activity android:name="com.laya.timetraveller.Activity11" />
76-->src\main\AndroidManifest.xml:77:9-48
76-->src\main\AndroidManifest.xml:77:19-45
77        <activity android:name="com.laya.timetraveller.Activity10" />
77-->src\main\AndroidManifest.xml:78:9-48
77-->src\main\AndroidManifest.xml:78:19-45
78        <activity android:name="com.laya.timetraveller.Activity9" />
78-->src\main\AndroidManifest.xml:79:9-47
78-->src\main\AndroidManifest.xml:79:19-44
79        <activity android:name="com.laya.timetraveller.Activity8" />
79-->src\main\AndroidManifest.xml:80:9-47
79-->src\main\AndroidManifest.xml:80:19-44
80        <activity android:name="com.laya.timetraveller.Activity7" />
80-->src\main\AndroidManifest.xml:81:9-47
80-->src\main\AndroidManifest.xml:81:19-44
81        <activity android:name="com.laya.timetraveller.Activity6" />
81-->src\main\AndroidManifest.xml:82:9-47
81-->src\main\AndroidManifest.xml:82:19-44
82        <activity android:name="com.laya.timetraveller.Activity5" />
82-->src\main\AndroidManifest.xml:83:9-47
82-->src\main\AndroidManifest.xml:83:19-44
83        <activity android:name="com.laya.timetraveller.Activity4" />
83-->src\main\AndroidManifest.xml:84:9-47
83-->src\main\AndroidManifest.xml:84:19-44
84        <activity android:name="com.laya.timetraveller.Activity3" />
84-->src\main\AndroidManifest.xml:85:9-47
84-->src\main\AndroidManifest.xml:85:19-44
85        <activity android:name="com.laya.timetraveller.Activity2" />
85-->src\main\AndroidManifest.xml:86:9-47
85-->src\main\AndroidManifest.xml:86:19-44
86        <activity
86-->src\main\AndroidManifest.xml:87:9-95:20
87            android:name="com.laya.timetraveller.MainActivity"
87-->src\main\AndroidManifest.xml:88:13-41
88            android:exported="true" >
88-->src\main\AndroidManifest.xml:89:13-36
89            <intent-filter>
89-->src\main\AndroidManifest.xml:90:13-94:29
90                <action android:name="android.intent.action.MAIN" />
90-->src\main\AndroidManifest.xml:91:17-69
90-->src\main\AndroidManifest.xml:91:25-66
91
92                <category android:name="android.intent.category.LAUNCHER" />
92-->src\main\AndroidManifest.xml:93:17-77
92-->src\main\AndroidManifest.xml:93:27-74
93            </intent-filter>
94        </activity>
95        <activity
95-->src\main\AndroidManifest.xml:96:9-107:20
96            android:name="com.laya.timetraveller.LivePreviewActivity"
96-->src\main\AndroidManifest.xml:97:13-48
97            android:exported="true" >
97-->src\main\AndroidManifest.xml:98:13-36
98
99            <!--
100            <intent-filter>
101                <action android:name="android.intent.action.MAIN" />
102
103                <category android:name="android.intent.category.LAUNCHER" />
104            </intent-filter>
105            -->
106        </activity>
107
108        <service android:name="com.google.firebase.components.ComponentDiscoveryService" >
108-->src\main\AndroidManifest.xml:109:9-116:19
108-->src\main\AndroidManifest.xml:109:18-89
109            <meta-data
109-->src\main\AndroidManifest.xml:110:13-112:85
110                android:name="com.google.firebase.components:com.google.firebase.analytics.connector.internal.AnalyticsConnectorRegistrar"
110-->src\main\AndroidManifest.xml:111:17-139
111                android:value="com.google.firebase.components.ComponentRegistrar" />
111-->src\main\AndroidManifest.xml:112:17-82
112            <meta-data
112-->src\main\AndroidManifest.xml:113:13-115:85
113                android:name="com.google.firebase.components:com.google.firebase.iid.Registrar"
113-->src\main\AndroidManifest.xml:114:17-96
114                android:value="com.google.firebase.components.ComponentRegistrar" />
114-->src\main\AndroidManifest.xml:115:17-82
115        </service>
116
117        <receiver
117-->src\main\AndroidManifest.xml:118:9-121:40
118            android:name="com.google.android.gms.measurement.AppMeasurementReceiver"
118-->src\main\AndroidManifest.xml:119:13-85
119            android:enabled="true"
119-->src\main\AndroidManifest.xml:120:13-35
120            android:exported="false" />
120-->src\main\AndroidManifest.xml:121:13-37
121        <receiver
121-->src\main\AndroidManifest.xml:122:9-130:20
122            android:name="com.google.android.gms.measurement.AppMeasurementInstallReferrerReceiver"
122-->src\main\AndroidManifest.xml:123:13-100
123            android:enabled="true"
123-->src\main\AndroidManifest.xml:124:13-35
124            android:exported="true"
124-->src\main\AndroidManifest.xml:125:13-36
125            android:permission="android.permission.INSTALL_PACKAGES" >
125-->src\main\AndroidManifest.xml:126:13-69
126            <intent-filter>
126-->src\main\AndroidManifest.xml:127:13-129:29
127                <action android:name="com.android.vending.INSTALL_REFERRER" />
127-->src\main\AndroidManifest.xml:128:17-79
127-->src\main\AndroidManifest.xml:128:25-76
128            </intent-filter>
129        </receiver>
130
131        <service
131-->src\main\AndroidManifest.xml:132:9-135:40
132            android:name="com.google.android.gms.measurement.AppMeasurementService"
132-->src\main\AndroidManifest.xml:133:13-84
133            android:enabled="true"
133-->src\main\AndroidManifest.xml:134:13-35
134            android:exported="false" />
134-->src\main\AndroidManifest.xml:135:13-37
135        <service
135-->src\main\AndroidManifest.xml:136:9-140:72
136            android:name="com.google.android.gms.measurement.AppMeasurementJobService"
136-->src\main\AndroidManifest.xml:137:13-87
137            android:enabled="true"
137-->src\main\AndroidManifest.xml:138:13-35
138            android:exported="false"
138-->src\main\AndroidManifest.xml:139:13-37
139            android:permission="android.permission.BIND_JOB_SERVICE" />
139-->src\main\AndroidManifest.xml:140:13-69
140
141        <receiver
141-->src\main\AndroidManifest.xml:142:9-151:20
142            android:name="com.google.firebase.iid.FirebaseInstanceIdReceiver"
142-->src\main\AndroidManifest.xml:143:13-78
143            android:exported="true"
143-->src\main\AndroidManifest.xml:144:13-36
144            android:permission="com.google.android.c2dm.permission.SEND" >
144-->src\main\AndroidManifest.xml:145:13-73
145            <intent-filter>
145-->src\main\AndroidManifest.xml:146:13-150:29
146                <action android:name="com.google.android.c2dm.intent.RECEIVE" />
146-->src\main\AndroidManifest.xml:147:17-81
146-->src\main\AndroidManifest.xml:147:25-78
147
148                <category android:name="com.laya.timetraveller" />
148-->src\main\AndroidManifest.xml:149:17-67
148-->src\main\AndroidManifest.xml:149:27-64
149            </intent-filter>
150        </receiver>
151        <!--
152             FirebaseInstanceIdService performs security checks at runtime,
153             no need for explicit permissions despite exported="true"
154        -->
155        <service
155-->src\main\AndroidManifest.xml:156:9-162:19
156            android:name="com.google.firebase.iid.FirebaseInstanceIdService"
156-->src\main\AndroidManifest.xml:157:13-77
157            android:exported="true" >
157-->src\main\AndroidManifest.xml:158:13-36
158            <intent-filter android:priority="-500" >
158-->src\main\AndroidManifest.xml:159:13-161:29
158-->src\main\AndroidManifest.xml:159:28-51
159                <action android:name="com.google.firebase.INSTANCE_ID_EVENT" />
159-->src\main\AndroidManifest.xml:160:17-80
159-->src\main\AndroidManifest.xml:160:25-77
160            </intent-filter>
161        </service>
162
163        <activity
163-->src\main\AndroidManifest.xml:164:9-167:75
164            android:name="com.google.android.gms.common.api.GoogleApiActivity"
164-->src\main\AndroidManifest.xml:165:13-79
165            android:exported="false"
165-->src\main\AndroidManifest.xml:166:13-37
166            android:theme="@android:style/Theme.Translucent.NoTitleBar" />
166-->src\main\AndroidManifest.xml:167:13-72
167
168        <provider
168-->src\main\AndroidManifest.xml:169:9-173:39
169            android:name="com.google.firebase.provider.FirebaseInitProvider"
169-->src\main\AndroidManifest.xml:170:13-77
170            android:authorities="com.laya.timetraveller.firebaseinitprovider"
170-->src\main\AndroidManifest.xml:171:13-78
171            android:exported="false"
171-->src\main\AndroidManifest.xml:172:13-37
172            android:initOrder="100" />
172-->src\main\AndroidManifest.xml:173:13-36
173
174        <meta-data
174-->src\main\AndroidManifest.xml:175:9-177:69
175            android:name="com.google.android.gms.version"
175-->src\main\AndroidManifest.xml:176:13-58
176            android:value="@integer/google_play_services_version" />
176-->src\main\AndroidManifest.xml:177:13-66
177    </application>
178
179</manifest>